[root@bastion108 bkgovind]# /etc/init.d//centrify-sshd stop
Executing via Upstart: /sbin/initctl stop centrify-sshd
centrify-sshd stop/waiting
[root@bastion108 bkgovind]# /usr/share/centrifydc/sbin/sshd -ddd
2014-06-26 15:33:49:    debug2: load_server_config: filename /etc/centrifydc/ssh/sshd_config
2014-06-26 15:33:49:    debug2: load_server_config: done config len = 411
2014-06-26 15:33:49:    debug2: parse_server_config: config /etc/centrifydc/ssh/sshd_config len 411
2014-06-26 15:33:49:    debug3: /etc/centrifydc/ssh/sshd_config:109 setting UsePrivilegeSeparation sandbox
2014-06-26 15:33:49:    debug3: /etc/centrifydc/ssh/sshd_config:110 setting Subsystem sftp      /usr/share/centrifydc/libexec/sftp-server
2014-06-26 15:33:49:    debug3: /etc/centrifydc/ssh/sshd_config:111 setting Protocol 2
2014-06-26 15:33:49:    debug3: /etc/centrifydc/ssh/sshd_config:112 setting ChallengeResponseAuthentication yes
2014-06-26 15:33:49:    debug3: /etc/centrifydc/ssh/sshd_config:113 setting Banner /etc/issue
2014-06-26 15:33:49:    debug3: /etc/centrifydc/ssh/sshd_config:114 setting GSSAPIKeyExchange yes
2014-06-26 15:33:49:    debug3: /etc/centrifydc/ssh/sshd_config:115 setting GSSAPIAuthentication yes
2014-06-26 15:33:49:    debug3: /etc/centrifydc/ssh/sshd_config:116 setting GSSAPICleanupCredentials yes
2014-06-26 15:33:49:    debug3: /etc/centrifydc/ssh/sshd_config:117 setting PrintMotd no
2014-06-26 15:33:49:    debug3: /etc/centrifydc/ssh/sshd_config:118 setting UsePAM yes
2014-06-26 15:33:49:    debug3: /etc/centrifydc/ssh/sshd_config:119 setting X11Forwarding yes
2014-06-26 15:33:49:    debug3: /etc/centrifydc/ssh/sshd_config:120 setting XAuthLocation /usr/bin/xauth
2014-06-26 15:33:49:    debug1: sshd version OpenSSH_6.2, OpenSSL 0.9.8w-fips 23 Apr 2012
2014-06-26 15:33:49:    debug3: Incorrect RSA1 identifier
2014-06-26 15:33:49:    debug1: read PEM private key done: type RSA
2014-06-26 15:33:49:    debug1: private host key: #0 type 1 RSA
2014-06-26 15:33:49:    debug3: Incorrect RSA1 identifier
2014-06-26 15:33:49:    debug1: read PEM private key done: type DSA
2014-06-26 15:33:49:    debug1: private host key: #1 type 2 DSA
2014-06-26 15:33:49:    debug3: Incorrect RSA1 identifier
2014-06-26 15:33:49:    debug1: read PEM private key done: type DSA
2014-06-26 15:33:49:    debug1: private host key: #2 type 2 DSA
2014-06-26 15:33:49:    debug1: rexec_argv[0]='/usr/share/centrifydc/sbin/sshd'
2014-06-26 15:33:49:    debug1: rexec_argv[1]='-ddd'
2014-06-26 15:33:49:    debug3: oom_adjust_setup
Set /proc/self/oom_score_adj from -1000 to -1000
2014-06-26 15:33:49:    debug2: fd 3 setting O_NONBLOCK
2014-06-26 15:33:49:    debug1: Bind to port 22 on 0.0.0.0.
Server listening on 0.0.0.0 port 22.
2014-06-26 15:33:49:    debug2: fd 4 setting O_NONBLOCK
2014-06-26 15:33:49:    debug3: sock_set_v6only: set socket 4 IPV6_V6ONLY
2014-06-26 15:33:49:    debug1: Bind to port 22 on ::.
Server listening on :: port 22.

2014-06-26 15:34:10:    debug3: fd 5 is not O_NONBLOCK
2014-06-26 15:34:10:    debug1: Server will not fork when running in debugging mode.
2014-06-26 15:34:10:    debug3: send_rexec_state: entering fd = 8 config len 411
2014-06-26 15:34:10:    debug3: ssh_msg_send: type 0
2014-06-26 15:34:10:    debug3: send_rexec_state: done
2014-06-26 15:34:10:    debug1: rexec start in 5 out 5 newsock 5 pipe -1 sock 8
2014-06-26 15:34:10:    debug1: inetd sockets after dupping: 3, 3
Connection from 10.138.245.245 port 51961
2014-06-26 15:34:10:    debug1: Client protocol version 2.0; client software version PuTTY_Release_0.63
2014-06-26 15:34:10:    debug1: no match: PuTTY_Release_0.63
2014-06-26 15:34:10:    debug1: Enabling compatibility mode for protocol 2.0
2014-06-26 15:34:10:    debug1: Local version string SSH-2.0-OpenSSH_6.2
2014-06-26 15:34:10:    debug2: fd 3 setting O_NONBLOCK
2014-06-26 15:34:10:    debug3: ssh_sandbox_init: preparing rlimit sandbox
2014-06-26 15:34:10:    debug2: Network child is on pid 15329
2014-06-26 15:34:10:    debug3: preauth child monitor started
2014-06-26 15:34:10:    debug1: The system does not have SELinux, skip SELinux loading. [preauth]
2014-06-26 15:34:10:    debug1: SELinux support disabled [preauth]
2014-06-26 15:34:10:    debug3: privsep user:group 74:74 [preauth]
2014-06-26 15:34:10:    debug3: permantently_set_uid getpwnam(sshd) [preauth]
2014-06-26 15:34:10:    debug3: getpwnam returned nil! [preauth]
2014-06-26 15:34:10:    debug1: permanently_set_uid: 74/74 [preauth]
2014-06-26 15:34:10:    debug1: list_hostkey_types: ssh-rsa,ssh-dss,ssh-dss [preauth]
2014-06-26 15:34:10:    debug3: mm_request_send entering: type 42 [MONITOR_ANS_GSSUSEROK] [preauth]
2014-06-26 15:34:10:    debug3: mm_request_receive entering
2014-06-26 15:34:10:    debug3: monitor_read: checking request 42 [MONITOR_ANS_GSSUSEROK]
2014-06-26 15:34:10:    debug3: mm_request_send entering: type 43 [MONITOR_REQ_GSSCHECKMIC]
2014-06-26 15:34:10:    debug3: mm_request_receive_expect entering: type 43 [MONITOR_REQ_GSSCHECKMIC] [preauth]
2014-06-26 15:34:10:    debug3: mm_request_receive entering [preauth]
2014-06-26 15:34:10:    debug1: SSH2_MSG_KEXINIT sent [preauth]
2014-06-26 15:34:10:    debug1: SSH2_MSG_KEXINIT received [preauth]
2014-06-26 15:34:10:    debug2: kex_parse_kexinit: gss-gex-sha1-toWM5Slw5Ew8Mqkay+al2g==,gss-group1-sha1-toWM5Slw5Ew8Mqkay+al2g==,gss-group14-sha1-toWM5Slw5Ew8M                       qkay+al2g==,ecdh-sha2-nistp256,ecdh-sha2-nistp384,ecdh-sha2-nistp521,diffie-hell                       man-group-exchange-sha256,diffie-hellman-group-exchange-sha1,diffie-hellman-grou                       p14-sha1,diffie-hellman-group1-sha1 [preauth]
2014-06-26 15:34:10:    debug2: kex_parse_kexinit: ssh-rsa,ssh-dss,ssh-dss [preauth]
2014-06-26 15:34:10:    debug2: kex_parse_kexinit: aes128-ctr,aes192-ctr,aes256-ctr,arcfour256,arcfour128,aes128-gcm@openssh.com,aes256-gcm@openssh.com,aes128-c                       bc,3des-cbc,blowfish-cbc,cast128-cbc,aes192-cbc,aes256-cbc,arcfour,rijndael-cbc@                       lysator.liu.se [preauth]
2014-06-26 15:34:10:    debug2: kex_parse_kexinit: aes128-ctr,aes192-ctr,aes256-ctr,arcfour256,arcfour128,aes128-gcm@openssh.com,aes256-gcm@openssh.com,aes128-c                       bc,3des-cbc,blowfish-cbc,cast128-cbc,aes192-cbc,aes256-cbc,arcfour,rijndael-cbc@                       lysator.liu.se [preauth]
2014-06-26 15:34:10:    debug2: kex_parse_kexinit: hmac-md5-etm@openssh.com,hmac-sha1-etm@openssh.com,umac-64-etm@openssh.com,umac-128-etm@openssh.com,hmac-sha2                       -256-etm@openssh.com,hmac-sha2-512-etm@openssh.com,hmac-ripemd160-etm@openssh.co                       m,hmac-sha1-96-etm@openssh.com,hmac-md5-96-etm@openssh.com,hmac-md5,hmac-sha1,um                       ac-64@openssh.com,umac-128@openssh.com,hmac-sha2-256,hmac-sha2-512,hmac-ripemd16                       0,hmac-ripemd160@openssh.com,hmac-sha1-96,hmac-md5-96 [preauth]
2014-06-26 15:34:10:    debug2: kex_parse_kexinit: hmac-md5-etm@openssh.com,hmac-sha1-etm@openssh.com,umac-64-etm@openssh.com,umac-128-etm@openssh.com,hmac-sha2                       -256-etm@openssh.com,hmac-sha2-512-etm@openssh.com,hmac-ripemd160-etm@openssh.co                       m,hmac-sha1-96-etm@openssh.com,hmac-md5-96-etm@openssh.com,hmac-md5,hmac-sha1,um                       ac-64@openssh.com,umac-128@openssh.com,hmac-sha2-256,hmac-sha2-512,hmac-ripemd16                       0,hmac-ripemd160@openssh.com,hmac-sha1-96,hmac-md5-96 [preauth]
2014-06-26 15:34:10:    debug2: kex_parse_kexinit: none,zlib@openssh.com [preauth]
2014-06-26 15:34:10:    debug2: kex_parse_kexinit: none,zlib@openssh.com [preauth]
2014-06-26 15:34:10:    debug2: kex_parse_kexinit:  [preauth]
2014-06-26 15:34:10:    debug2: kex_parse_kexinit:  [preauth]
2014-06-26 15:34:10:    debug2: kex_parse_kexinit: first_kex_follows 0  [preauth]
2014-06-26 15:34:10:    debug2: kex_parse_kexinit: reserved 0  [preauth]
2014-06-26 15:34:10:    debug2: kex_parse_kexinit: diffie-hellman-group-exchange-sha256,diffie-hellman-group-exchange-sha1,diffie-hellman-group14-sha1,diffie-he                       llman-group1-sha1,rsa2048-sha256,rsa1024-sha1 [preauth]
2014-06-26 15:34:10:    debug2: kex_parse_kexinit: ssh-rsa,ssh-dss [preauth]
2014-06-26 15:34:10:    debug2: kex_parse_kexinit: aes256-ctr,aes256-cbc,rijndael-cbc@lysator.liu.se,aes192-ctr,aes192-cbc,aes128-ctr,aes128-cbc,blowfish-ctr,bl                       owfish-cbc,3des-ctr,3des-cbc,arcfour256,arcfour128 [preauth]
2014-06-26 15:34:10:    debug2: kex_parse_kexinit: aes256-ctr,aes256-cbc,rijndael-cbc@lysator.liu.se,aes192-ctr,aes192-cbc,aes128-ctr,aes128-cbc,blowfish-ctr,bl                       owfish-cbc,3des-ctr,3des-cbc,arcfour256,arcfour128 [preauth]
2014-06-26 15:34:10:    debug2: kex_parse_kexinit: hmac-sha2-256,hmac-sha1,hmac-sha1-96,hmac-md5 [preauth]
2014-06-26 15:34:10:    debug2: kex_parse_kexinit: hmac-sha2-256,hmac-sha1,hmac-sha1-96,hmac-md5 [preauth]
2014-06-26 15:34:10:    debug2: kex_parse_kexinit: none,zlib [preauth]
2014-06-26 15:34:10:    debug2: kex_parse_kexinit: none,zlib [preauth]
2014-06-26 15:34:10:    debug2: kex_parse_kexinit:  [preauth]
2014-06-26 15:34:10:    debug2: kex_parse_kexinit:  [preauth]
2014-06-26 15:34:10:    debug2: kex_parse_kexinit: first_kex_follows 0  [preauth]
2014-06-26 15:34:10:    debug2: kex_parse_kexinit: reserved 0  [preauth]
2014-06-26 15:34:10:    debug2: mac_setup: found hmac-sha2-256 [preauth]
2014-06-26 15:34:10:    debug1: kex: client->server aes256-ctr hmac-sha2-256 none [preauth]
2014-06-26 15:34:10:    debug2: mac_setup: found hmac-sha2-256 [preauth]
2014-06-26 15:34:10:    debug1: kex: server->client aes256-ctr hmac-sha2-256 none [preauth]
2014-06-26 15:34:10:    debug1: SSH2_MSG_KEX_DH_GEX_REQUEST_OLD received [preauth]
2014-06-26 15:34:10:    debug3: mm_request_send entering: type 0 [MONITOR_REQ_MODULI] [preauth]
2014-06-26 15:34:10:    debug3: mm_request_receive entering
2014-06-26 15:34:10:    debug3: monitor_read: checking request 0 [MONITOR_REQ_MODULI]
2014-06-26 15:34:10:    debug3: mm_answer_moduli: got parameters: 1024 4096 8192
2014-06-26 15:34:10:    debug3: mm_request_send entering: type 1 [MONITOR_ANS_MODULI]
2014-06-26 15:34:10:    debug2: monitor_read: 0 used once, disabling now
2014-06-26 15:34:10:    debug3: mm_choose_dh: waiting for MONITOR_ANS_MODULI [preauth]
2014-06-26 15:34:10:    debug3: mm_request_receive_expect entering: type 1 [MONITOR_ANS_MODULI] [preauth]
2014-06-26 15:34:10:    debug3: mm_request_receive entering [preauth]
2014-06-26 15:34:10:    debug3: mm_choose_dh: remaining 0 [preauth]
2014-06-26 15:34:10:    debug1: SSH2_MSG_KEX_DH_GEX_GROUP sent [preauth]
2014-06-26 15:34:10:    debug2: dh_gen_key: priv key bits set: 258/512 [preauth]
2014-06-26 15:34:10:    debug2: bits set: 2038/4096 [preauth]
2014-06-26 15:34:10:    debug1: expecting SSH2_MSG_KEX_DH_GEX_INIT [preauth]
2014-06-26 15:34:10:    debug2: bits set: 2136/4096 [preauth]
2014-06-26 15:34:10:    debug3: mm_key_sign entering [preauth]
2014-06-26 15:34:10:    debug3: mm_request_send entering: type 6 [MONITOR_REQ_PWNAM] [preauth]
2014-06-26 15:34:10:    debug3: mm_request_receive entering
2014-06-26 15:34:10:    debug3: monitor_read: checking request 6 [MONITOR_REQ_PWNAM]
2014-06-26 15:34:10:    debug3: mm_answer_sign
2014-06-26 15:34:10:    debug3: mm_answer_sign: signature 0x1b9a250(271)
2014-06-26 15:34:10:    debug3: mm_request_send entering: type 7 [MONITOR_ANS_PWNAM]
2014-06-26 15:34:10:    debug2: monitor_read: 6 used once, disabling now
2014-06-26 15:34:10:    debug3: mm_key_sign: waiting for MONITOR_ANS_SIGN [preauth]
2014-06-26 15:34:10:    debug3: mm_request_receive_expect entering: type 7 [MONITOR_ANS_PWNAM] [preauth]
2014-06-26 15:34:10:    debug3: mm_request_receive entering [preauth]
2014-06-26 15:34:10:    debug1: SSH2_MSG_KEX_DH_GEX_REPLY sent [preauth]
2014-06-26 15:34:10:    debug2: kex_derive_keys [preauth]
2014-06-26 15:34:10:    debug2: set_newkeys: mode 1 [preauth]
2014-06-26 15:34:10:    debug2: cipher_init: set keylen (16 -> 32) [preauth]
2014-06-26 15:34:10:    debug1: SSH2_MSG_NEWKEYS sent [preauth]
2014-06-26 15:34:10:    debug1: expecting SSH2_MSG_NEWKEYS [preauth]
2014-06-26 15:34:10:    debug2: set_newkeys: mode 0 [preauth]
2014-06-26 15:34:10:    debug2: cipher_init: set keylen (16 -> 32) [preauth]
2014-06-26 15:34:10:    debug1: SSH2_MSG_NEWKEYS received [preauth]
2014-06-26 15:34:10:    debug1: KEX done [preauth]
2014-06-26 15:34:10:    debug1: userauth-request for user bkgovind service ssh-connection method none [preauth]
2014-06-26 15:34:10:    debug1: attempt 0 failures 0 [preauth]
2014-06-26 15:34:10:    debug3: mm_getpwnamallow entering [preauth]
2014-06-26 15:34:10:    debug3: mm_request_send entering: type 8 [MONITOR_REQ_AUTH2_READ_BANNER] [preauth]
2014-06-26 15:34:10:    debug3: mm_getpwnamallow: waiting for MONITOR_ANS_PWNAM [preauth]
2014-06-26 15:34:10:    debug3: mm_request_receive_expect entering: type 9 [MONITOR_ANS_AUTH2_READ_BANNER] [preauth]
2014-06-26 15:34:10:    debug3: mm_request_receive entering [preauth]
2014-06-26 15:34:10:    debug3: mm_request_receive entering
2014-06-26 15:34:10:    debug3: monitor_read: checking request 8 [MONITOR_REQ_AUTH2_READ_BANNER]
2014-06-26 15:34:10:    debug3: mm_answer_pwnamallow
2014-06-26 15:34:10:    debug3: Trying to reverse map address 10.138.245.245.
2014-06-26 15:34:10:    debug2: parse_server_config: config reprocess config len 411
2014-06-26 15:34:10:    debug3: mm_answer_pwnamallow: sending MONITOR_ANS_PWNAM: 1
2014-06-26 15:34:10:    debug3: mm_request_send entering: type 9 [MONITOR_ANS_AUTH2_READ_BANNER]
2014-06-26 15:34:10:    debug2: monitor_read: 8 used once, disabling now
2014-06-26 15:34:10:    debug2: input_userauth_request: setting up authctxt for bkgovind [preauth]
2014-06-26 15:34:10:    debug3: mm_start_pam entering [preauth]
2014-06-26 15:34:10:    debug3: mm_request_send entering: type 100 [unknown] [preauth]
2014-06-26 15:34:10:    debug3: mm_inform_authserv entering [preauth]
2014-06-26 15:34:10:    debug3: mm_request_send entering: type 4 [MONITOR_REQ_SIGN] [preauth]
2014-06-26 15:34:10:    debug3: mm_inform_authrole entering [preauth]
2014-06-26 15:34:10:    debug3: mm_request_send entering: type 80 [unknown] [preauth]
2014-06-26 15:34:10:    debug3: mm_auth2_read_banner entering [preauth]
2014-06-26 15:34:10:    debug3: mm_request_send entering: type 10 [MONITOR_REQ_AUTHPASSWORD] [preauth]
2014-06-26 15:34:10:    debug3: mm_request_receive_expect entering: type 11 [MONITOR_ANS_AUTHPASSWORD] [preauth]
2014-06-26 15:34:10:    debug3: mm_request_receive entering [preauth]
2014-06-26 15:34:10:    debug3: mm_request_receive entering
2014-06-26 15:34:10:    debug3: monitor_read: checking request 100 [unknown]
2014-06-26 15:34:10:    debug1: PAM: initializing for "bkgovind"
2014-06-26 15:34:10:    debug1: PAM: setting PAM_RHOST to "10.138.245.245"
2014-06-26 15:34:10:    debug1: PAM: setting PAM_TTY to "ssh"
2014-06-26 15:34:10:    debug2: monitor_read: 100 used once, disabling now
2014-06-26 15:34:10:    debug3: mm_request_receive entering
2014-06-26 15:34:10:    debug3: monitor_read: checking request 4 [MONITOR_REQ_SIGN]
2014-06-26 15:34:10:    debug3: mm_answer_authserv: service=ssh-connection, style=
2014-06-26 15:34:10:    debug2: monitor_read: 4 used once, disabling now
2014-06-26 15:34:10:    debug3: mm_request_receive entering
2014-06-26 15:34:10:    debug3: monitor_read: checking request 80 [unknown]
2014-06-26 15:34:10:    debug3: mm_answer_authrole: role=
2014-06-26 15:34:10:    debug2: monitor_read: 80 used once, disabling now
2014-06-26 15:34:10:    debug3: mm_request_receive entering
2014-06-26 15:34:10:    debug3: monitor_read: checking request 10 [MONITOR_REQ_AUTHPASSWORD]
2014-06-26 15:34:10:    debug3: mm_request_send entering: type 11 [MONITOR_ANS_AUTHPASSWORD]
2014-06-26 15:34:10:    debug2: monitor_read: 10 used once, disabling now
2014-06-26 15:34:10:    debug1: userauth_send_banner: sent [preauth]
2014-06-26 15:34:10:    debug2: input_userauth_request: try method none [preauth]
2014-06-26 15:34:10:    debug3: userauth_finish: failure partial=0 next methods="publickey,gssapi-keyex,gssapi-with-mic,password,keyboard-interactive" [preauth]
2014-06-26 15:34:10:    debug1: userauth-request for user bkgovind service ssh-connection method publickey [preauth]
2014-06-26 15:34:10:    debug1: attempt 1 failures 0 [preauth]
2014-06-26 15:34:10:    debug2: input_userauth_request: try method publickey [preauth]
2014-06-26 15:34:10:    debug1: test whether pkalg/pkblob are acceptable [preauth]
2014-06-26 15:34:10:    debug3: mm_key_allowed entering [preauth]
2014-06-26 15:34:10:    debug3: mm_request_send entering: type 22 [MONITOR_REQ_KEYVERIFY] [preauth]
2014-06-26 15:34:10:    debug3: mm_key_allowed: waiting for MONITOR_ANS_KEYALLOWED [preauth]
2014-06-26 15:34:10:    debug3: mm_request_receive_expect entering: type 23 [MONITOR_ANS_KEYVERIFY] [preauth]
2014-06-26 15:34:10:    debug3: mm_request_receive entering [preauth]
2014-06-26 15:34:10:    debug3: mm_request_receive entering
2014-06-26 15:34:10:    debug3: monitor_read: checking request 22 [MONITOR_REQ_KEYVERIFY]
2014-06-26 15:34:10:    debug3: mm_answer_keyallowed entering
2014-06-26 15:34:10:    debug3: mm_answer_keyallowed: key_from_blob: 0x1ba1070
2014-06-26 15:34:10:    debug3: temporarily_use_uid getpwnam(bkgovind)
2014-06-26 15:34:10:    debug3: getpwnam returned 500, uid = 980
2014-06-26 15:34:10:    debug1: temporarily_use_uid: 980/500 (e=0/0)
2014-06-26 15:34:10:    debug1: trying public key file /home/bkgovind/.ssh/authorized_keys
2014-06-26 15:34:10:    debug1: fd 4 clearing O_NONBLOCK
2014-06-26 15:34:10:    debug1: matching key found: file /home/bkgovind/.ssh/authorized_keys, line 1
Found matching RSA key: af:35:7a:11:50:08:9b:dc:0b:41:b1:05:08:41:10:b1
2014-06-26 15:34:10:    debug1: restore_uid: 0/0
2014-06-26 15:34:10:    debug3: mm_answer_keyallowed: key 0x1ba1070 is allowed
2014-06-26 15:34:10:    debug3: mm_request_send entering: type 23 [MONITOR_ANS_KEYVERIFY]
2014-06-26 15:34:10:    debug2: userauth_pubkey: authenticated 0 pkalg ssh-rsa [preauth]
Postponed publickey for bkgovind from 10.138.245.245 port 51961 ssh2 [preauth]
2014-06-26 15:34:10:    debug1: userauth-request for user bkgovind service ssh-connection method publickey [preauth]
2014-06-26 15:34:10:    debug1: attempt 2 failures 0 [preauth]
2014-06-26 15:34:10:    debug2: input_userauth_request: try method publickey [preauth]
2014-06-26 15:34:10:    debug3: mm_key_allowed entering [preauth]
2014-06-26 15:34:10:    debug3: mm_request_send entering: type 22 [MONITOR_REQ_KEYVERIFY] [preauth]
2014-06-26 15:34:10:    debug3: mm_key_allowed: waiting for MONITOR_ANS_KEYALLOWED [preauth]
2014-06-26 15:34:10:    debug3: mm_request_receive_expect entering: type 23 [MONITOR_ANS_KEYVERIFY] [preauth]
2014-06-26 15:34:10:    debug3: mm_request_receive entering [preauth]
2014-06-26 15:34:10:    debug3: mm_request_receive entering
2014-06-26 15:34:10:    debug3: monitor_read: checking request 22 [MONITOR_REQ_KEYVERIFY]
2014-06-26 15:34:10:    debug3: mm_answer_keyallowed entering
2014-06-26 15:34:10:    debug3: mm_answer_keyallowed: key_from_blob: 0x1ba46f0
2014-06-26 15:34:10:    debug3: temporarily_use_uid getpwnam(bkgovind)
2014-06-26 15:34:10:    debug3: getpwnam returned 500, uid = 980
2014-06-26 15:34:10:    debug1: temporarily_use_uid: 980/500 (e=0/0)
2014-06-26 15:34:10:    debug1: trying public key file /home/bkgovind/.ssh/authorized_keys
2014-06-26 15:34:10:    debug1: fd 4 clearing O_NONBLOCK
2014-06-26 15:34:10:    debug1: matching key found: file /home/bkgovind/.ssh/authorized_keys, line 1
Found matching RSA key: af:35:7a:11:50:08:9b:dc:0b:41:b1:05:08:41:10:b1
2014-06-26 15:34:10:    debug1: restore_uid: 0/0
2014-06-26 15:34:10:    debug3: mm_answer_keyallowed: key 0x1ba46f0 is allowed
2014-06-26 15:34:10:    debug3: mm_request_send entering: type 23 [MONITOR_ANS_KEYVERIFY]
2014-06-26 15:34:10:    debug3: mm_key_verify entering [preauth]
2014-06-26 15:34:10:    debug3: mm_request_send entering: type 24 [MONITOR_REQ_KEYEXPORT] [preauth]
2014-06-26 15:34:10:    debug3: mm_key_verify: waiting for MONITOR_ANS_KEYVERIFY [preauth]
2014-06-26 15:34:10:    debug3: mm_request_receive_expect entering: type 25 [MONITOR_REQ_PTY] [preauth]
2014-06-26 15:34:10:    debug3: mm_request_receive entering [preauth]
2014-06-26 15:34:10:    debug3: mm_request_receive entering
2014-06-26 15:34:10:    debug3: monitor_read: checking request 24 [MONITOR_REQ_KEYEXPORT]
2014-06-26 15:34:10:    debug1: ssh_rsa_verify: signature correct
2014-06-26 15:34:10:    debug3: mm_answer_keyverify: key 0x1ba46d0 signature verified
2014-06-26 15:34:10:    debug3: mm_request_send entering: type 25 [MONITOR_REQ_PTY]
2014-06-26 15:34:10:    debug3: mm_request_receive_expect entering: type 102 [unknown]
2014-06-26 15:34:10:    debug3: mm_request_receive entering
2014-06-26 15:34:10:    debug1: do_pam_account: called
2014-06-26 15:34:10:    debug3: PAM: do_pam_account pam_acct_mgmt = 0 (Success)
2014-06-26 15:34:10:    debug3: mm_request_send entering: type 103 [unknown]
Accepted publickey for bkgovind from 10.138.245.245 port 51961 ssh2
2014-06-26 15:34:10:    debug1: monitor_child_preauth: bkgovind has been authenticated by privileged process
2014-06-26 15:34:10:    debug3: mm_get_keystate: Waiting for new keys
2014-06-26 15:34:10:    debug3: mm_request_receive_expect entering: type 26 [MONITOR_ANS_PTY]
2014-06-26 15:34:10:    debug3: mm_request_receive entering
2014-06-26 15:34:10:    debug3: mm_newkeys_from_blob: 0x1ba46b0(159)
2014-06-26 15:34:10:    debug2: mac_setup: found hmac-sha2-256
2014-06-26 15:34:10:    debug3: mm_get_keystate: Waiting for second key
2014-06-26 15:34:10:    debug3: mm_newkeys_from_blob: 0x1ba46b0(159)
2014-06-26 15:34:10:    debug2: mac_setup: found hmac-sha2-256
2014-06-26 15:34:10:    debug3: mm_get_keystate: Getting compression state
2014-06-26 15:34:10:    debug3: mm_get_keystate: Getting Network I/O buffers
2014-06-26 15:34:10:    debug2: userauth_pubkey: authenticated 1 pkalg ssh-rsa [preauth]
2014-06-26 15:34:10:    debug3: mm_do_pam_account entering [preauth]
2014-06-26 15:34:10:    debug3: mm_request_send entering: type 102 [unknown] [preauth]
2014-06-26 15:34:10:    debug3: mm_request_receive_expect entering: type 103 [unknown] [preauth]
2014-06-26 15:34:10:    debug3: mm_request_receive entering [preauth]
2014-06-26 15:34:10:    debug3: mm_do_pam_account returning 1 [preauth]
2014-06-26 15:34:10:    debug3: mm_send_keystate: Sending new keys: 0x1b9b500 0x1b9b370 [preauth]
2014-06-26 15:34:10:    debug3: mm_newkeys_to_blob: converting 0x1b9b500 [preauth]
2014-06-26 15:34:10:    debug3: mm_newkeys_to_blob: converting 0x1b9b370 [preauth]
2014-06-26 15:34:10:    debug3: mm_send_keystate: New keys have been sent [preauth]
2014-06-26 15:34:10:    debug3: mm_send_keystate: Sending compression state [preauth]
2014-06-26 15:34:10:    debug3: mm_request_send entering: type 26 [MONITOR_ANS_PTY] [preauth]
2014-06-26 15:34:10:    debug3: mm_send_keystate: Finished sending state [preauth]
2014-06-26 15:34:10:    debug1: monitor_read_log: child log fd closed
2014-06-26 15:34:10:    debug3: mm_share_sync: Share sync
2014-06-26 15:34:10:    debug3: mm_share_sync: Share sync end
2014-06-26 15:34:10:    debug3: ssh_sandbox_parent_finish: finished
2014-06-26 15:34:10:    debug3: temporarily_use_uid getpwnam(bkgovind)
2014-06-26 15:34:10:    debug3: getpwnam returned 500, uid = 980
2014-06-26 15:34:10:    debug1: temporarily_use_uid: 980/500 (e=0/0)
2014-06-26 15:34:10:    debug1: ssh_gssapi_storecreds: Not a GSSAPI mechanism
2014-06-26 15:34:10:    debug1: restore_uid: 0/0
2014-06-26 15:34:10:    debug1: The system does not have SELinux, skip SELinux loading.
2014-06-26 15:34:10:    debug1: SELinux support disabled
2014-06-26 15:34:10:    debug1: PAM: establishing credentials
2014-06-26 15:34:10:    debug3: PAM: opening session
User child is on pid 15330
2014-06-26 15:34:10:    debug1: PAM: establishing credentials
2014-06-26 15:34:10:    debug1: The system does not have SELinux, skip SELinux loading.
2014-06-26 15:34:10:    debug1: SELinux support disabled
2014-06-26 15:34:10:    debug3: permantently_set_uid getpwnam(bkgovind)
2014-06-26 15:34:10:    debug3: getpwnam returned 500, uid = 980
2014-06-26 15:34:10:    debug1: permanently_set_uid: 980/500
2014-06-26 15:34:10:    debug1: The system does not have SELinux, skip SELinux loading.
2014-06-26 15:34:10:    debug1: SELinux support disabled
2014-06-26 15:34:10:    debug2: set_newkeys: mode 0
2014-06-26 15:34:10:    debug2: cipher_init: set keylen (16 -> 32)
2014-06-26 15:34:10:    debug2: set_newkeys: mode 1
2014-06-26 15:34:10:    debug2: cipher_init: set keylen (16 -> 32)
2014-06-26 15:34:10:    debug1: Entering interactive session for SSH2.
2014-06-26 15:34:10:    debug2: fd 6 setting O_NONBLOCK
2014-06-26 15:34:10:    debug2: fd 7 setting O_NONBLOCK
2014-06-26 15:34:10:    debug1: server_init_dispatch_20

#   +-----------------+
#---| start filezilla |---
#   +-----------------+

2014-06-26 15:34:19:    debug1: server_input_channel_open: ctype direct-tcpip rchan 256 win 16384 max 16384
2014-06-26 15:34:19:    debug1: server_request_direct_tcpip: originator 0.0.0.0 port 0, target 172.30.11.55 port 22
2014-06-26 15:34:19:    debug3: do_service_auth is disabled, user(bkgovind) service(dzssh-direct-tcpip)
2014-06-26 15:34:19:    debug1: do_service_auth user(bkgovind) service(dzssh-direct-tcpip) rc(0)
2014-06-26 15:34:19:    debug3: mm_audit_run_command entering command direct-tcpip@(none)
2014-06-26 15:34:19:    debug3: mm_request_send entering: type 113 [unknown]
2014-06-26 15:34:19:    debug3: mm_request_receive entering
2014-06-26 15:34:19:    debug3: monitor_read: checking request 113 [unknown]
2014-06-26 15:34:19:    debug3: mm_answer_audit_command entering
2014-06-26 15:34:19:    debug2: fd 8 setting O_NONBLOCK
2014-06-26 15:34:19:    debug1: connect_next: host 172.30.11.55 ([172.30.11.55]:22) in progress, fd=8
2014-06-26 15:34:19:    debug2: fd 8 setting TCP_NODELAY
2014-06-26 15:34:19:    debug3: fd 8 is O_NONBLOCK
2014-06-26 15:34:19:    debug3: fd 8 is O_NONBLOCK
2014-06-26 15:34:19:    debug1: channel 0: new [direct-tcpip]
2014-06-26 15:34:19:    debug1: server_input_channel_open: confirm direct-tcpip
2014-06-26 15:34:19:    debug3: channel 0: waiting for connection
2014-06-26 15:34:19:    debug1: channel 0: connected to 172.30.11.55 port 22

#   +---------------------------------------------+
#---| this stuff doesn't occur upon success login |---
#   +---------------------------------------------+

2014-06-26 15:34:19:    debug2: channel 0: rcvd close
2014-06-26 15:34:19:    debug2: channel 0: output open -> drain
2014-06-26 15:34:19:    debug2: channel 0: close_read
2014-06-26 15:34:19:    debug2: channel 0: input open -> closed
2014-06-26 15:34:19:    debug3: channel 0: will not send data after close
2014-06-26 15:34:19:    debug2: channel 0: obuf empty
2014-06-26 15:34:19:    debug2: channel 0: close_write
2014-06-26 15:34:19:    debug2: channel 0: output drain -> closed
2014-06-26 15:34:19:    debug2: channel 0: send close
2014-06-26 15:34:19:    debug2: channel 0: is dead
2014-06-26 15:34:19:    debug2: channel 0: garbage collecting
2014-06-26 15:34:19:    debug1: channel 0: free: direct-tcpip, nchannels 1
2014-06-26 15:34:19:    debug3: channel 0: status: The following connections are open:
  #0 direct-tcpip (t4 r256 i3/0 o3/0 fd 8/8 cc -1)

